#
# A fatal error has been detected by the Java Runtime Environment:
#
#  SIGSEGV (0xb) at pc=0x0000000000000000, pid=12573, tid=18947
#
# JRE version: Java(TM) SE Runtime Environment (8.0_73-b02) (build 1.8.0_73-b02)
# Java VM: Java HotSpot(TM) 64-Bit Server VM (25.73-b02 mixed mode bsd-amd64 compressed oops)
# Problematic frame:
# C  0x0000000000000000
#
# Failed to write core dump. Core dumps have been disabled. To enable core dumping, try "ulimit -c unlimited" before starting Java again
#
# If you would like to submit a bug report, please visit:
#   http://bugreport.java.com/bugreport/crash.jsp
#

---------------  T H R E A D  ---------------

Current thread (0x00007fe0d4038800):  JavaThread "JDWP Transport Listener: dt_socket" daemon [_thread_in_vm, id=18947, stack(0x0000700000ec4000,0x0000700000fc4000)]

siginfo: si_signo: 11 (SIGSEGV), si_code: 1 (SEGV_MAPERR), si_addr: 0x0000000000000000

Registers:
RAX=0x00000001274a81d8, RBX=0x00007fe0d3d43358, RCX=0x000000010e015340, RDX=0x0000700000fc3a8b
RSP=0x0000700000fc39c8, RBP=0x0000700000fc39e0, RSI=0x00007fe0d4038800, RDI=0x00007fe0d3d43358
R8 =0x0000000000000000, R9 =0x00007fe0d3d429a0, R10=0x000000004cb7dd1f, R11=0x00007fe0d3d00000
R12=0x00007fe0d4038800, R13=0x00007fe0d3d43360, R14=0x00007fe0d3d43360, R15=0x00007fe0d3d14c50
RIP=0x0000000000000000, EFLAGS=0x0000000000010206, ERR=0x0000000000000014
  TRAPNO=0x000000000000000e

Top of Stack: (sp=0x0000700000fc39c8)
0x0000700000fc39c8:   000000010dc46d93 0000700000fc3a8b
0x0000700000fc39d8:   0000700000fc3a8b 0000700000fc3a40
0x0000700000fc39e8:   000000010db55dda 00007fe0d4038800
0x0000700000fc39f8:   0000000000000000 0000000000000000
0x0000700000fc3a08:   0000000000000000 00007fe0d4038800
0x0000700000fc3a18:   00007fe0d4038800 0000700000fc3a8b
0x0000700000fc3a28:   0000700000fc3a90 00007fe0d3d43360
0x0000700000fc3a38:   0000000000000003 0000700000fc3a60
0x0000700000fc3a48:   000000010c67d780 0000000000000001
0x0000700000fc3a58:   0000700000fc3b08 0000700000fc3ad0
0x0000700000fc3a68:   000000010c6621f3 0000700000fc3aa0
0x0000700000fc3a78:   00007fe0d3d432b0 0000000800000032
0x0000700000fc3a88:   0000000900fc3b08 0000000000000000
0x0000700000fc3a98:   0000000000000000 0000000000000000
0x0000700000fc3aa8:   0000700000fc3c90 000000010c684e7a
0x0000700000fc3ab8:   00007fe0d3d0e270 0000700000fc3b08
0x0000700000fc3ac8:   000000010c690598 0000700000fc3ae0
0x0000700000fc3ad8:   000000010c6622ec 0000700000fc3d00
0x0000700000fc3ae8:   000000010c66b898 0000098900000013
0x0000700000fc3af8:   00000000000f0200 00007fe0d3d42800
0x0000700000fc3b08:   0000700000fc3c3a 00007fe00000004a
0x0000700000fc3b18:   0000700000fc3b20 00000000000000e2
0x0000700000fc3b28:   0000700000fc3b58 0000000000000000
0x0000700000fc3b38:   0000000000000000 000009890000001c
0x0000700000fc3b48:   00007fff0000d380 0000700000fc3b58
0x0000700000fc3b58:   e07f000008000000 090000005033d4d3
0x0000700000fc3b68:   6c69466573726170 6f4c282b00000065
0x0000700000fc3b78:   642f6333772f6772 6d75636f442f6d6f
0x0000700000fc3b88:   65444c293b746e65 6e6942746c756166
0x0000700000fc3b98:   3b65657254797261 726f4c283f000000
0x0000700000fc3ba8:   6f642f6333772f67 656d75636f442f6d
0x0000700000fc3bb8:   6665444c293b746e 616e6942746c7561 

Instructions: (pc=0x0000000000000000)
0xffffffffffffffe0:   

Register to memory mapping:

RAX={method} {0x00000001274a81d8} 'parseNode' '(Lorg/w3c/dom/Node;)LDefaultBinaryTreeNode;' in 'FileReader'
RBX=0x00007fe0d3d43358 is an unknown value
RCX=0x000000010e015340: UseMembar+0 in /Library/Java/JavaVirtualMachines/jdk1.8.0_73.jdk/Contents/Home/jre/lib/server/libjvm.dylib at 0x000000010d800000
RDX=0x0000700000fc3a8b is pointing into the stack for thread: 0x00007fe0d4038800
RSP=0x0000700000fc39c8 is pointing into the stack for thread: 0x00007fe0d4038800
RBP=0x0000700000fc39e0 is pointing into the stack for thread: 0x00007fe0d4038800
RSI=0x00007fe0d4038800 is a thread
RDI=0x00007fe0d3d43358 is an unknown value
R8 =0x0000000000000000 is an unknown value
R9 =0x00007fe0d3d429a0 is an unknown value
R10=0x000000004cb7dd1f is an unknown value
R11=0x00007fe0d3d00000 is an unknown value
R12=0x00007fe0d4038800 is a thread
R13=0x00007fe0d3d43360 is an unknown value
R14=0x00007fe0d3d43360 is an unknown value
R15=0x00007fe0d3d14c50 is an unknown value


Stack: [0x0000700000ec4000,0x0000700000fc4000],  sp=0x0000700000fc39c8,  free space=1022k

---------------  P R O C E S S  ---------------

Java Threads: ( => current thread )
  0x00007fe0d5005800 JavaThread "Service Thread" daemon [_thread_blocked, id=22531, stack(0x00007000015d9000,0x00007000016d9000)]
  0x00007fe0d486c000 JavaThread "C1 CompilerThread3" daemon [_thread_blocked, id=22019, stack(0x00007000014d6000,0x00007000015d6000)]
  0x00007fe0d7800000 JavaThread "C2 CompilerThread2" daemon [_thread_blocked, id=21507, stack(0x00007000013d3000,0x00007000014d3000)]
  0x00007fe0d486b800 JavaThread "C2 CompilerThread1" daemon [_thread_blocked, id=20995, stack(0x00007000012d0000,0x00007000013d0000)]
  0x00007fe0d4857000 JavaThread "C2 CompilerThread0" daemon [_thread_blocked, id=20483, stack(0x00007000011cd000,0x00007000012cd000)]
  0x00007fe0d403a000 JavaThread "JDWP Command Reader" daemon [_thread_in_native, id=19971, stack(0x00007000010ca000,0x00007000011ca000)]
  0x00007fe0d4039000 JavaThread "JDWP Event Helper Thread" daemon [_thread_blocked, id=19459, stack(0x0000700000fc7000,0x00007000010c7000)]
=>0x00007fe0d4038800 JavaThread "JDWP Transport Listener: dt_socket" daemon [_thread_in_vm, id=18947, stack(0x0000700000ec4000,0x0000700000fc4000)]
  0x00007fe0d483f000 JavaThread "Signal Dispatcher" daemon [_thread_blocked, id=14863, stack(0x0000700000dc1000,0x0000700000ec1000)]
  0x00007fe0d4809800 JavaThread "Finalizer" daemon [_thread_blocked, id=14339, stack(0x0000700000c3b000,0x0000700000d3b000)]
  0x00007fe0d4027000 JavaThread "Reference Handler" daemon [_thread_blocked, id=13827, stack(0x0000700000b38000,0x0000700000c38000)]
  0x00007fe0d7001800 JavaThread "main" [_thread_blocked, id=5891, stack(0x000070000011a000,0x000070000021a000)]

Other Threads:
  0x00007fe0d4024800 VMThread [stack: 0x0000700000a35000,0x0000700000b35000] [id=13315]
  0x00007fe0d486d000 WatcherThread [stack: 0x00007000016dc000,0x00007000017dc000] [id=23043]

VM state:not at safepoint (normal execution)

VM Mutex/Monitor currently owned by a thread: None

Heap:
 PSYoungGen      total 76288K, used 3932K [0x000000076ab00000, 0x0000000770000000, 0x00000007c0000000)
  eden space 65536K, 6% used [0x000000076ab00000,0x000000076aed7178,0x000000076eb00000)
  from space 10752K, 0% used [0x000000076f580000,0x000000076f580000,0x0000000770000000)
  to   space 10752K, 0% used [0x000000076eb00000,0x000000076eb00000,0x000000076f580000)
 ParOldGen       total 175104K, used 0K [0x00000006c0000000, 0x00000006cab00000, 0x000000076ab00000)
  object space 175104K, 0% used [0x00000006c0000000,0x00000006c0000000,0x00000006cab00000)
 Metaspace       used 2678K, capacity 4564K, committed 4864K, reserved 1056768K
  class space    used 289K, capacity 388K, committed 512K, reserved 1048576K

Card table byte_map: [0x000000011db4d000,0x000000011e34e000] byte_map_base: 0x000000011a54d000

Marking Bits: (ParMarkBitMap*) 0x000000010e0e3ea0
 Begin Bits: [0x000000011e8a4000, 0x00000001228a4000)
 End Bits:   [0x00000001228a4000, 0x00000001268a4000)

Polling page: 0x000000010c65c000

CodeCache: size=245760Kb used=1076Kb max_used=1076Kb free=244683Kb
 bounds [0x000000010e78d000, 0x000000010e9fd000, 0x000000011d78d000]
 total_blobs=237 nmethods=15 adapters=145
 compilation: enabled

Compilation events (10 events):
Event: 0.115 Thread 0x00007fe0d486c000   11       1       java.lang.ref.Reference::get (5 bytes)
Event: 0.115 Thread 0x00007fe0d486c000 nmethod 11 0x000000010e8973d0 code [0x000000010e897520, 0x000000010e897630]
Event: 0.116 Thread 0x00007fe0d486c000   12       1       java.lang.ThreadLocal::access$400 (5 bytes)
Event: 0.116 Thread 0x00007fe0d486c000 nmethod 12 0x000000010e897110 code [0x000000010e897260, 0x000000010e897350]
Event: 0.121 Thread 0x00007fe0d486c000   13       3       java.lang.StringBuilder::append (8 bytes)
Event: 0.121 Thread 0x00007fe0d486c000 nmethod 13 0x000000010e899690 code [0x000000010e899800, 0x000000010e8999a8]
Event: 0.123 Thread 0x00007fe0d486c000   14       3       java.lang.System::getSecurityManager (4 bytes)
Event: 0.123 Thread 0x00007fe0d486c000 nmethod 14 0x000000010e899a50 code [0x000000010e899ba0, 0x000000010e899cf0]
Event: 0.126 Thread 0x00007fe0d486c000   15       3       java.lang.String::startsWith (72 bytes)
Event: 0.126 Thread 0x00007fe0d486c000 nmethod 15 0x000000010e899d50 code [0x000000010e899ec0, 0x000000010e89a210]

GC Heap History (0 events):
No events

Deoptimization events (0 events):
No events

Internal exceptions (2 events):
Event: 0.032 Thread 0x00007fe0d7001800 Exception <a 'java/lang/NoSuchMethodError': Method sun.misc.Unsafe.defineClass(Ljava/lang/String;[BII)Ljava/lang/Class; name or signature does not match> (0x000000076ab12c38) thrown at [/HUDSON3/workspace/8-2-build-macosx-x86_64/jdk8u73/6086/hotspot/src/s
Event: 0.032 Thread 0x00007fe0d7001800 Exception <a 'java/lang/NoSuchMethodError': Method sun.misc.Unsafe.prefetchRead(Ljava/lang/Object;J)V name or signature does not match> (0x000000076ab12f20) thrown at [/HUDSON3/workspace/8-2-build-macosx-x86_64/jdk8u73/6086/hotspot/src/share/vm/prims/jni.

Events (10 events):
Event: 0.126 loading class org/w3c/dom/Document
Event: 0.126 loading class org/w3c/dom/Document done
Event: 0.126 loading class DefaultBinaryTree
Event: 0.126 loading class DefaultBinaryTree done
Event: 0.126 loading class java/lang/Void
Event: 0.126 loading class java/lang/Void done
Event: 4.146 Executing VM operation: EnableBiasedLocking
Event: 4.146 Executing VM operation: EnableBiasedLocking done
Event: 2280.429 Executing VM operation: RedefineClasses
Event: 2280.430 Executing VM operation: RedefineClasses done


Dynamic libraries:
0x00000000087d8000 	/System/Library/Frameworks/Cocoa.framework/Versions/A/Cocoa
0x00000000087d8000 	/System/Library/Frameworks/Security.framework/Versions/A/Security
0x00000000087d8000 	/System/Library/Frameworks/ApplicationServices.framework/Versions/A/ApplicationServices
0x00000000087d8000 	/usr/lib/libz.1.dylib
0x00000000087d8000 	/usr/lib/libSystem.B.dylib
0x00000000087d8000 	/usr/lib/libobjc.A.dylib
0x00000000087d8000 	/System/Library/Frameworks/CoreFoundation.framework/Versions/A/CoreFoundation
0x00000000087d8000 	/System/Library/Frameworks/Foundation.framework/Versions/C/Foundation
0x00000000087d8000 	/System/Library/Frameworks/AppKit.framework/Versions/C/AppKit
0x00000000087d8000 	/System/Library/Frameworks/CoreData.framework/Versions/A/CoreData
0x00000000087d8000 	/System/Library/PrivateFrameworks/RemoteViewServices.framework/Versions/A/RemoteViewServices
0x00000000087d8000 	/System/Library/PrivateFrameworks/UIFoundation.framework/Versions/A/UIFoundation
0x00000000087d8000 	/usr/lib/libScreenReader.dylib
0x00000000087d8000 	/System/Library/Frameworks/Accelerate.framework/Versions/A/Accelerate
0x00000000087d8000 	/System/Library/Frameworks/IOSurface.framework/Versions/A/IOSurface
0x00000000087d8000 	/System/Library/Frameworks/AudioToolbox.framework/Versions/A/AudioToolbox
0x00000000087d8000 	/System/Library/Frameworks/AudioUnit.framework/Versions/A/AudioUnit
0x00000000087d8000 	/System/Library/PrivateFrameworks/DataDetectorsCore.framework/Versions/A/DataDetectorsCore
0x00000000087d8000 	/System/Library/PrivateFrameworks/DesktopServicesPriv.framework/Versions/A/DesktopServicesPriv
0x00000000087d8000 	/System/Library/Frameworks/Carbon.framework/Versions/A/Frameworks/HIToolbox.framework/Versions/A/HIToolbox
0x00000000087d8000 	/System/Library/Frameworks/QuartzCore.framework/Versions/A/QuartzCore
0x00000000087d8000 	/System/Library/Frameworks/Carbon.framework/Versions/A/Frameworks/SpeechRecognition.framework/Versions/A/SpeechRecognition
0x00000000087d8000 	/usr/lib/libauto.dylib
0x00000000087d8000 	/usr/lib/libicucore.A.dylib
0x00000000087d8000 	/usr/lib/libxml2.2.dylib
0x00000000087d8000 	/System/Library/PrivateFrameworks/CoreUI.framework/Versions/A/CoreUI
0x00000000087d8000 	/System/Library/Frameworks/CoreAudio.framework/Versions/A/CoreAudio
0x00000000087d8000 	/System/Library/Frameworks/DiskArbitration.framework/Versions/A/DiskArbitration
0x00000000087d8000 	/usr/lib/liblangid.dylib
0x00000000087d8000 	/System/Library/PrivateFrameworks/MultitouchSupport.framework/Versions/A/MultitouchSupport
0x00000000087d8000 	/System/Library/Frameworks/IOKit.framework/Versions/A/IOKit
0x00000000087d8000 	/usr/lib/libDiagnosticMessagesClient.dylib
0x00000000087d8000 	/System/Library/Frameworks/CoreServices.framework/Versions/A/CoreServices
0x00000000087d8000 	/System/Library/PrivateFrameworks/PerformanceAnalysis.framework/Versions/A/PerformanceAnalysis
0x00000000087d8000 	/System/Library/PrivateFrameworks/GenerationalStorage.framework/Versions/A/GenerationalStorage
0x00000000087d8000 	/System/Library/Frameworks/OpenGL.framework/Versions/A/OpenGL
0x00000000087d8000 	/System/Library/PrivateFrameworks/Sharing.framework/Versions/A/Sharing
0x00000000087d8000 	/System/Library/Frameworks/CoreGraphics.framework/Versions/A/CoreGraphics
0x00000000087d8000 	/System/Library/Frameworks/CoreImage.framework/Versions/A/CoreImage
0x00000000087d8000 	/System/Library/Frameworks/CoreText.framework/Versions/A/CoreText
0x00000000087d8000 	/System/Library/Frameworks/ImageIO.framework/Versions/A/ImageIO
0x00000000087d8000 	/System/Library/PrivateFrameworks/Backup.framework/Versions/A/Backup
0x00000000087d8000 	/usr/lib/libextension.dylib
0x00000000087d8000 	/usr/lib/libarchive.2.dylib
0x00000000087d8000 	/System/Library/Frameworks/CFNetwork.framework/Versions/A/CFNetwork
0x00000000087d8000 	/System/Library/Frameworks/SystemConfiguration.framework/Versions/A/SystemConfiguration
0x00000000087d8000 	/usr/lib/libCRFSuite.dylib
0x00000000087d8000 	/usr/lib/libc++.1.dylib
0x00000000087d8000 	/usr/lib/libc++abi.dylib
0x00000000087d8000 	/usr/lib/system/libcache.dylib
0x00000000087d8000 	/usr/lib/system/libcommonCrypto.dylib
0x00000000087d8000 	/usr/lib/system/libcompiler_rt.dylib
0x00000000087d8000 	/usr/lib/system/libcopyfile.dylib
0x00000000087d8000 	/usr/lib/system/libcorecrypto.dylib
0x00000000087d8000 	/usr/lib/system/libdispatch.dylib
0x00000000087d8000 	/usr/lib/system/libdyld.dylib
0x00000000087d8000 	/usr/lib/system/libkeymgr.dylib
0x00000000087d8000 	/usr/lib/system/liblaunch.dylib
0x00000000087d8000 	/usr/lib/system/libmacho.dylib
0x00000000087d8000 	/usr/lib/system/libquarantine.dylib
0x00000000087d8000 	/usr/lib/system/libremovefile.dylib
0x00000000087d8000 	/usr/lib/system/libsystem_asl.dylib
0x00000000087d8000 	/usr/lib/system/libsystem_blocks.dylib
0x00000000087d8000 	/usr/lib/system/libsystem_c.dylib
0x00000000087d8000 	/usr/lib/system/libsystem_configuration.dylib
0x00000000087d8000 	/usr/lib/system/libsystem_coreservices.dylib
0x00000000087d8000 	/usr/lib/system/libsystem_coretls.dylib
0x00000000087d8000 	/usr/lib/system/libsystem_dnssd.dylib
0x00000000087d8000 	/usr/lib/system/libsystem_info.dylib
0x00000000087d8000 	/usr/lib/system/libsystem_kernel.dylib
0x00000000087d8000 	/usr/lib/system/libsystem_m.dylib
0x00000000087d8000 	/usr/lib/system/libsystem_malloc.dylib
0x00000000087d8000 	/usr/lib/system/libsystem_network.dylib
0x00000000087d8000 	/usr/lib/system/libsystem_networkextension.dylib
0x00000000087d8000 	/usr/lib/system/libsystem_notify.dylib
0x00000000087d8000 	/usr/lib/system/libsystem_platform.dylib
0x00000000087d8000 	/usr/lib/system/libsystem_pthread.dylib
0x00000000087d8000 	/usr/lib/system/libsystem_sandbox.dylib
0x00000000087d8000 	/usr/lib/system/libsystem_secinit.dylib
0x00000000087d8000 	/usr/lib/system/libsystem_trace.dylib
0x00000000087d8000 	/usr/lib/system/libunc.dylib
0x00000000087d8000 	/usr/lib/system/libunwind.dylib
0x00000000087d8000 	/usr/lib/system/libxpc.dylib
0x00000000087d8000 	/usr/lib/libenergytrace.dylib
0x00000000087d8000 	/usr/lib/libbsm.0.dylib
0x00000000087d8000 	/usr/lib/system/libkxld.dylib
0x00000000087d8000 	/usr/lib/libxar.1.dylib
0x00000000087d8000 	/usr/lib/libsqlite3.dylib
0x00000000087d8000 	/usr/lib/libpam.2.dylib
0x00000000087d8000 	/usr/lib/libOpenScriptingUtil.dylib
0x00000000087d8000 	/usr/lib/libbz2.1.0.dylib
0x00000000087d8000 	/usr/lib/liblzma.5.dylib
0x00000000087d8000 	/System/Library/Frameworks/CoreServices.framework/Versions/A/Frameworks/FSEvents.framework/Versions/A/FSEvents
0x00000000087d8000 	/System/Library/Frameworks/CoreServices.framework/Versions/A/Frameworks/CarbonCore.framework/Versions/A/CarbonCore
0x00000000087d8000 	/System/Library/Frameworks/CoreServices.framework/Versions/A/Frameworks/Metadata.framework/Versions/A/Metadata
0x00000000087d8000 	/System/Library/Frameworks/CoreServices.framework/Versions/A/Frameworks/OSServices.framework/Versions/A/OSServices
0x00000000087d8000 	/System/Library/Frameworks/CoreServices.framework/Versions/A/Frameworks/SearchKit.framework/Versions/A/SearchKit
0x00000000087d8000 	/System/Library/Frameworks/CoreServices.framework/Versions/A/Frameworks/AE.framework/Versions/A/AE
0x00000000087d8000 	/System/Library/Frameworks/CoreServices.framework/Versions/A/Frameworks/LaunchServices.framework/Versions/A/LaunchServices
0x00000000087d8000 	/System/Library/Frameworks/CoreServices.framework/Versions/A/Frameworks/DictionaryServices.framework/Versions/A/DictionaryServices
0x00000000087d8000 	/System/Library/Frameworks/CoreServices.framework/Versions/A/Frameworks/SharedFileList.framework/Versions/A/SharedFileList
0x00000000087d8000 	/System/Library/Frameworks/NetFS.framework/Versions/A/NetFS
0x00000000087d8000 	/System/Library/PrivateFrameworks/NetAuth.framework/Versions/A/NetAuth
0x00000000087d8000 	/System/Library/PrivateFrameworks/login.framework/Versions/A/Frameworks/loginsupport.framework/Versions/A/loginsupport
0x00000000087d8000 	/System/Library/PrivateFrameworks/TCC.framework/Versions/A/TCC
0x00000000087d8000 	/usr/lib/libmecabra.dylib
0x00000000087d8000 	/System/Library/Frameworks/ApplicationServices.framework/Versions/A/Frameworks/ATS.framework/Versions/A/ATS
0x00000000087d8000 	/System/Library/Frameworks/ApplicationServices.framework/Versions/A/Frameworks/ColorSync.framework/Versions/A/ColorSync
0x00000000087d8000 	/System/Library/Frameworks/ApplicationServices.framework/Versions/A/Frameworks/HIServices.framework/Versions/A/HIServices
0x00000000087d8000 	/System/Library/Frameworks/ApplicationServices.framework/Versions/A/Frameworks/LangAnalysis.framework/Versions/A/LangAnalysis
0x00000000087d8000 	/System/Library/Frameworks/ApplicationServices.framework/Versions/A/Frameworks/PrintCore.framework/Versions/A/PrintCore
0x00000000087d8000 	/System/Library/Frameworks/ApplicationServices.framework/Versions/A/Frameworks/QD.framework/Versions/A/QD
0x00000000087d8000 	/System/Library/Frameworks/ApplicationServices.framework/Versions/A/Frameworks/SpeechSynthesis.framework/Versions/A/SpeechSynthesis
0x00000000087d8000 	/System/Library/Frameworks/Metal.framework/Versions/A/Metal
0x00000000087d8000 	/System/Library/Frameworks/Accelerate.framework/Versions/A/Frameworks/vImage.framework/Versions/A/vImage
0x00000000087d8000 	/System/Library/Frameworks/Accelerate.framework/Versions/A/Frameworks/vecLib.framework/Versions/A/vecLib
0x00000000087d8000 	/System/Library/Frameworks/Accelerate.framework/Versions/A/Frameworks/vecLib.framework/Versions/A/libvDSP.dylib
0x00000000087d8000 	/System/Library/Frameworks/Accelerate.framework/Versions/A/Frameworks/vecLib.framework/Versions/A/libvMisc.dylib
0x00000000087d8000 	/System/Library/Frameworks/Accelerate.framework/Versions/A/Frameworks/vecLib.framework/Versions/A/libLAPACK.dylib
0x00000000087d8000 	/System/Library/Frameworks/Accelerate.framework/Versions/A/Frameworks/vecLib.framework/Versions/A/libBLAS.dylib
0x00000000087d8000 	/System/Library/Frameworks/Accelerate.framework/Versions/A/Frameworks/vecLib.framework/Versions/A/libLinearAlgebra.dylib
0x00000000087d8000 	/System/Library/Frameworks/Accelerate.framework/Versions/A/Frameworks/vecLib.framework/Versions/A/libSparseBLAS.dylib
0x00000000087d8000 	/System/Library/PrivateFrameworks/GPUCompiler.framework/libmetal_timestamp.dylib
0x00000000087d8000 	/System/Library/Frameworks/OpenGL.framework/Versions/A/Libraries/libCoreFSCache.dylib
0x00000000087d8000 	/System/Library/PrivateFrameworks/IOAccelerator.framework/Versions/A/IOAccelerator
0x00000000087d8000 	/System/Library/Frameworks/ApplicationServices.framework/Versions/A/Frameworks/ATS.framework/Versions/A/Resources/libFontParser.dylib
0x00000000087d8000 	/System/Library/Frameworks/ApplicationServices.framework/Versions/A/Frameworks/ATS.framework/Versions/A/Resources/libFontRegistry.dylib
0x00000000087d8000 	/System/Library/PrivateFrameworks/AppleVPA.framework/Versions/A/AppleVPA
0x00000000087d8000 	/System/Library/PrivateFrameworks/AppleJPEG.framework/Versions/A/AppleJPEG
0x00000000087d8000 	/System/Library/Frameworks/ImageIO.framework/Versions/A/Resources/libJPEG.dylib
0x00000000087d8000 	/System/Library/Frameworks/ImageIO.framework/Versions/A/Resources/libTIFF.dylib
0x00000000087d8000 	/System/Library/Frameworks/ImageIO.framework/Versions/A/Resources/libPng.dylib
0x00000000087d8000 	/System/Library/Frameworks/ImageIO.framework/Versions/A/Resources/libGIF.dylib
0x00000000087d8000 	/System/Library/Frameworks/ImageIO.framework/Versions/A/Resources/libJP2.dylib
0x00000000087d8000 	/System/Library/Frameworks/ImageIO.framework/Versions/A/Resources/libRadiance.dylib
0x00000000087d8000 	/System/Library/Frameworks/CoreVideo.framework/Versions/A/CoreVideo
0x00000000087d8000 	/System/Library/Frameworks/OpenGL.framework/Versions/A/Libraries/libGLU.dylib
0x00000000087d8000 	/System/Library/Frameworks/OpenGL.framework/Versions/A/Libraries/libGFXShared.dylib
0x00000000087d8000 	/System/Library/Frameworks/OpenGL.framework/Versions/A/Libraries/libGL.dylib
0x00000000087d8000 	/System/Library/Frameworks/OpenGL.framework/Versions/A/Libraries/libGLImage.dylib
0x00000000087d8000 	/System/Library/Frameworks/OpenGL.framework/Versions/A/Libraries/libCVMSPluginSupport.dylib
0x00000000087d8000 	/System/Library/Frameworks/OpenGL.framework/Versions/A/Libraries/libCoreVMClient.dylib
0x00000000087d8000 	/usr/lib/libcups.2.dylib
0x00000000087d8000 	/System/Library/Frameworks/Kerberos.framework/Versions/A/Kerberos
0x00000000087d8000 	/System/Library/Frameworks/GSS.framework/Versions/A/GSS
0x00000000087d8000 	/usr/lib/libresolv.9.dylib
0x00000000087d8000 	/usr/lib/libiconv.2.dylib
0x00000000087d8000 	/System/Library/PrivateFrameworks/Heimdal.framework/Versions/A/Heimdal
0x00000000087d8000 	/usr/lib/libheimdal-asn1.dylib
0x00000000087d8000 	/System/Library/Frameworks/OpenDirectory.framework/Versions/A/OpenDirectory
0x00000000087d8000 	/System/Library/PrivateFrameworks/CommonAuth.framework/Versions/A/CommonAuth
0x00000000087d8000 	/System/Library/Frameworks/OpenDirectory.framework/Versions/A/Frameworks/CFOpenDirectory.framework/Versions/A/CFOpenDirectory
0x00000000087d8000 	/System/Library/Frameworks/SecurityFoundation.framework/Versions/A/SecurityFoundation
0x00000000087d8000 	/System/Library/PrivateFrameworks/LanguageModeling.framework/Versions/A/LanguageModeling
0x00000000087d8000 	/usr/lib/libmarisa.dylib
0x00000000087d8000 	/usr/lib/libChineseTokenizer.dylib
0x00000000087d8000 	/usr/lib/libcmph.dylib
0x00000000087d8000 	/usr/lib/libcompression.dylib
0x00000000087d8000 	/System/Library/Frameworks/ServiceManagement.framework/Versions/A/ServiceManagement
0x00000000087d8000 	/usr/lib/libxslt.1.dylib
0x00000000087d8000 	/System/Library/Frameworks/Carbon.framework/Versions/A/Frameworks/Ink.framework/Versions/A/Ink
0x00000000087d8000 	/usr/lib/libFosl_dynamic.dylib
0x00000000087d8000 	/System/Library/PrivateFrameworks/FaceCore.framework/Versions/A/FaceCore
0x00000000087d8000 	/System/Library/Frameworks/OpenCL.framework/Versions/A/OpenCL
0x00000000087d8000 	/System/Library/PrivateFrameworks/CrashReporterSupport.framework/Versions/A/CrashReporterSupport
0x00000000087d8000 	/System/Library/PrivateFrameworks/IconServices.framework/Versions/A/IconServices
0x00000000087d8000 	/System/Library/PrivateFrameworks/Apple80211.framework/Versions/A/Apple80211
0x00000000087d8000 	/System/Library/Frameworks/CoreWLAN.framework/Versions/A/CoreWLAN
0x00000000087d8000 	/System/Library/Frameworks/IOBluetooth.framework/Versions/A/IOBluetooth
0x00000000087d8000 	/System/Library/PrivateFrameworks/CoreWiFi.framework/Versions/A/CoreWiFi
0x00000000087d8000 	/System/Library/Frameworks/CoreBluetooth.framework/Versions/A/CoreBluetooth
0x00000000087d8000 	/System/Library/PrivateFrameworks/ChunkingLibrary.framework/Versions/A/ChunkingLibrary
0x00000000087d8000 	/System/Library/PrivateFrameworks/DebugSymbols.framework/Versions/A/DebugSymbols
0x00000000087d8000 	/System/Library/PrivateFrameworks/CoreSymbolication.framework/Versions/A/CoreSymbolication
0x00000000087d8000 	/System/Library/PrivateFrameworks/Symbolication.framework/Versions/A/Symbolication
0x00000000087d8000 	/System/Library/PrivateFrameworks/SpeechRecognitionCore.framework/Versions/A/SpeechRecognitionCore
0x000000010d800000 	/Library/Java/JavaVirtualMachines/jdk1.8.0_73.jdk/Contents/Home/jre/lib/server/libjvm.dylib
0x00000000087d8000 	/usr/lib/libstdc++.6.dylib
0x000000010c619000 	/Library/Java/JavaVirtualMachines/jdk1.8.0_73.jdk/Contents/Home/jre/lib/libverify.dylib
0x000000010c627000 	/Library/Java/JavaVirtualMachines/jdk1.8.0_73.jdk/Contents/Home/jre/lib/libjava.dylib
0x000000010c65d000 	/Library/Java/JavaVirtualMachines/jdk1.8.0_73.jdk/Contents/Home/jre/lib/libjdwp.dylib
0x000000010c6a8000 	/Library/Java/JavaVirtualMachines/jdk1.8.0_73.jdk/Contents/Home/jre/lib/libnpt.dylib
0x000000010c6b5000 	/Library/Java/JavaVirtualMachines/jdk1.8.0_73.jdk/Contents/Home/jre/lib/libzip.dylib
0x000000010c7e3000 	/System/Library/Frameworks/JavaVM.framework/Frameworks/JavaRuntimeSupport.framework/JavaRuntimeSupport
0x000000012971e000 	/System/Library/Frameworks/JavaVM.framework/Versions/A/Frameworks/JavaNativeFoundation.framework/Versions/A/JavaNativeFoundation
0x0000000129733000 	/System/Library/Frameworks/JavaVM.framework/Versions/A/JavaVM
0x00000000087d8000 	/System/Library/Frameworks/Carbon.framework/Versions/A/Carbon
0x0000000129740000 	/System/Library/PrivateFrameworks/JavaLaunching.framework/Versions/A/JavaLaunching
0x00000000087d8000 	/System/Library/Frameworks/Carbon.framework/Versions/A/Frameworks/CommonPanels.framework/Versions/A/CommonPanels
0x00000000087d8000 	/System/Library/Frameworks/Carbon.framework/Versions/A/Frameworks/Help.framework/Versions/A/Help
0x00000000087d8000 	/System/Library/Frameworks/Carbon.framework/Versions/A/Frameworks/ImageCapture.framework/Versions/A/ImageCapture
0x00000000087d8000 	/System/Library/Frameworks/Carbon.framework/Versions/A/Frameworks/OpenScripting.framework/Versions/A/OpenScripting
0x00000000087d8000 	/System/Library/Frameworks/Carbon.framework/Versions/A/Frameworks/Print.framework/Versions/A/Print
0x00000000087d8000 	/System/Library/Frameworks/Carbon.framework/Versions/A/Frameworks/SecurityHI.framework/Versions/A/SecurityHI
0x000000012b05f000 	/Library/Java/JavaVirtualMachines/jdk1.8.0_73.jdk/Contents/Home/jre/lib/libdt_socket.dylib

VM Arguments:
jvm_args: -agentlib:jdwp=transport=dt_socket,suspend=y,address=localhost:63003 -Dfile.encoding=UTF-8 
java_command: FileReader Vegetables.xml
java_class_path (initial): /Users/ReginaYe/Desktop/Workspace/Eclipse/FinalProject/bin
Launcher Type: SUN_STANDARD

Environment Variables:
PATH=/usr/bin:/bin:/usr/sbin:/sbin
SHELL=/bin/bash

Signal Handlers:
SIGSEGV: [libjvm.dylib+0x5a71a5], sa_mask[0]=11111111011111110111111111111111, sa_flags=SA_ONSTACK|SA_RESTART|SA_SIGINFO
SIGBUS: [libjvm.dylib+0x5a71a5], sa_mask[0]=11111111011111110111111111111111, sa_flags=SA_RESTART|SA_SIGINFO
SIGFPE: [libjvm.dylib+0x480eb4], sa_mask[0]=11111111011111110111111111111111, sa_flags=SA_RESTART|SA_SIGINFO
SIGPIPE: [libjvm.dylib+0x480eb4], sa_mask[0]=11111111011111110111111111111111, sa_flags=SA_RESTART|SA_SIGINFO
SIGXFSZ: [libjvm.dylib+0x480eb4], sa_mask[0]=11111111011111110111111111111111, sa_flags=SA_RESTART|SA_SIGINFO
SIGILL: [libjvm.dylib+0x480eb4], sa_mask[0]=11111111011111110111111111111111, sa_flags=SA_RESTART|SA_SIGINFO
SIGUSR1: SIG_DFL, sa_mask[0]=00000000000000000000000000000000, sa_flags=none
SIGUSR2: [libjvm.dylib+0x4809d2], sa_mask[0]=00100000000000000000000000000000, sa_flags=SA_RESTART|SA_SIGINFO
SIGHUP: [libjvm.dylib+0x47efa9], sa_mask[0]=11111111011111110111111111111111, sa_flags=SA_RESTART|SA_SIGINFO
SIGINT: [libjvm.dylib+0x47efa9], sa_mask[0]=11111111011111110111111111111111, sa_flags=SA_RESTART|SA_SIGINFO
SIGTERM: [libjvm.dylib+0x47efa9], sa_mask[0]=11111111011111110111111111111111, sa_flags=SA_RESTART|SA_SIGINFO
SIGQUIT: [libjvm.dylib+0x47efa9], sa_mask[0]=11111111011111110111111111111111, sa_flags=SA_RESTART|SA_SIGINFO


---------------  S Y S T E M  ---------------

OS:Bsduname:Darwin 15.3.0 Darwin Kernel Version 15.3.0: Thu Dec 10 18:40:58 PST 2015; root:xnu-3248.30.4~1/RELEASE_X86_64 x86_64
rlimit: STACK 8192k, CORE 0k, NPROC 709, NOFILE 10240, AS infinity
load average:3.30 2.44 2.32

CPU:total 8 (4 cores per cpu, 2 threads per core) family 6 model 70 stepping 1, cmov, cx8, fxsr, mmx, sse, sse2, sse3, ssse3, sse4.1, sse4.2, popcnt, avx, avx2, aes, clmul, erms, lzcnt, ht, tsc, tscinvbit, bmi1, bmi2

Memory: 4k page, physical 16777216k(146876k free)

/proc/meminfo:


vm_info: Java HotSpot(TM) 64-Bit Server VM (25.73-b02) for bsd-amd64 JRE (1.8.0_73-b02), built on Jan 29 2016 15:02:00 by "java_re" with gcc 4.2.1 (Based on Apple Inc. build 5658) (LLVM build 2336.11.00)

time: Sun Dec 11 11:04:54 2016
elapsed time: 2280 seconds (0d 0h 38m 0s)

